<?xml version="1.0" encoding="UTF-8"?>
<!-- Generated by org.testng.reporters.JUnitReportReporter -->
<testsuite skipped="0" hostname="LAPTOP-NQ28SJGQ" name="com.bookkeeper.testCases.ManagerDashboardTest" tests="2" failures="0" timestamp="2021-08-18T23:02:25 IST" time="13.041" errors="0">
  <testcase name="verifySideNavOptions" time="7.687" classname="com.bookkeeper.testCases.ManagerDashboardTest"/>
  <system-out/>
  <testcase name="verifyUserIsAbleToNavigateToInvoices" time="5.354" classname="com.bookkeeper.testCases.ManagerDashboardTest"/>
  <system-out/>
</testsuite> <!-- com.bookkeeper.testCases.ManagerDashboardTest -->
