<?xml version="1.0" encoding="UTF-8"?>
<!-- Generated by org.testng.reporters.JUnitReportReporter -->
<testsuite skipped="0" hostname="LAPTOP-NQ28SJGQ" name="com.bookkeeper.testCases.RegisterTest" tests="1" failures="0" timestamp="2021-08-19T23:21:44 IST" time="5.019" errors="0">
  <testcase name="verifyPageTitle" time="5.019" classname="com.bookkeeper.testCases.RegisterTest"/>
  <system-out/>
</testsuite> <!-- com.bookkeeper.testCases.RegisterTest -->
