<?xml version="1.0" encoding="UTF-8"?>
<!-- Generated by org.testng.reporters.JUnitReportReporter -->
<testsuite skipped="0" hostname="LAPTOP-NQ28SJGQ" name="com.bookkeeper.testCases.CustomerDashboardTest" tests="3" failures="0" timestamp="2021-08-19T23:21:44 IST" time="30.039" errors="0">
  <testcase name="verifySideNavOptions" time="11.014" classname="com.bookkeeper.testCases.CustomerDashboardTest"/>
  <system-out/>
  <testcase name="verifyUserIsAbleToNavigateToInvoices" time="7.860" classname="com.bookkeeper.testCases.CustomerDashboardTest"/>
  <system-out/>
  <testcase name="verifyUserIsAbleToNavigateToPayments" time="11.165" classname="com.bookkeeper.testCases.CustomerDashboardTest"/>
  <system-out/>
</testsuite> <!-- com.bookkeeper.testCases.CustomerDashboardTest -->
