<?xml version="1.0" encoding="UTF-8"?>
<!-- Generated by org.testng.reporters.JUnitReportReporter -->
<testsuite skipped="0" hostname="LAPTOP-NQ28SJGQ" name="com.bookkeeper.testCases.HomepageTest" tests="3" failures="0" timestamp="2021-08-14T23:51:02 IST" time="15.445" errors="0">
  <testcase name="verifyPageTitle" time="5.082" classname="com.bookkeeper.testCases.HomepageTest"/>
  <system-out/>
  <testcase name="verifyDropdownOptionsDisplayed" time="5.294" classname="com.bookkeeper.testCases.HomepageTest"/>
  <system-out/>
  <testcase name="verifyAllDropdownOptionsDisplayed" time="5.069" classname="com.bookkeeper.testCases.HomepageTest"/>
  <system-out/>
</testsuite> <!-- com.bookkeeper.testCases.HomepageTest -->
