<?xml version="1.0" encoding="UTF-8"?>
<!-- Generated by org.testng.reporters.JUnitReportReporter -->
<testsuite skipped="0" hostname="LAPTOP-NQ28SJGQ" name="com.bookkeeper.testCases.BookkeeperDashboardTest" tests="2" failures="0" timestamp="2021-08-19T23:21:44 IST" time="51.410" errors="0">
  <testcase name="verifyAvailableRoles" time="42.972" classname="com.bookkeeper.testCases.BookkeeperDashboardTest"/>
  <system-out/>
  <testcase name="verifyLogOut" time="8.438" classname="com.bookkeeper.testCases.BookkeeperDashboardTest"/>
  <system-out/>
</testsuite> <!-- com.bookkeeper.testCases.BookkeeperDashboardTest -->
