<?xml version="1.0" encoding="UTF-8"?>
<!-- Generated by org.testng.reporters.JUnitReportReporter -->
<testsuite skipped="1" hostname="LAPTOP-NQ28SJGQ" name="com.bookkeeper.testCases.BookkeeperDashboardTest" tests="3" failures="0" timestamp="2021-08-18T23:02:25 IST" time="33.118" errors="0">
  <testcase name="verifyAvailableRoles" time="27.774" classname="com.bookkeeper.testCases.BookkeeperDashboardTest"/>
  <system-out/>
  <testcase name="verifyLogOut" time="5.344" classname="com.bookkeeper.testCases.BookkeeperDashboardTest"/>
  <system-out/>
  <testcase name="verifyUserIsAbleToLoginToDashboard" classname="com.bookkeeper.testCases.BookkeeperDashboardTest">
    <skipped/>
  </testcase> <!-- verifyUserIsAbleToLoginToDashboard -->
  <system-out/>
</testsuite> <!-- com.bookkeeper.testCases.BookkeeperDashboardTest -->
