<?xml version="1.0" encoding="UTF-8"?>
<!-- Generated by org.testng.reporters.JUnitReportReporter -->
<testsuite skipped="0" hostname="LAPTOP-NQ28SJGQ" name="com.bookkeeper.testCases.ManagerDashboardTest" tests="2" failures="0" timestamp="2021-08-19T23:21:44 IST" time="19.746" errors="0">
  <testcase name="verifySideNavOptions" time="11.341" classname="com.bookkeeper.testCases.ManagerDashboardTest"/>
  <system-out/>
  <testcase name="verifyUserIsAbleToPerformLogout" time="8.405" classname="com.bookkeeper.testCases.ManagerDashboardTest"/>
  <system-out/>
</testsuite> <!-- com.bookkeeper.testCases.ManagerDashboardTest -->
