<?xml version="1.0" encoding="UTF-8"?>
<!-- Generated by org.testng.reporters.JUnitReportReporter -->
<testsuite skipped="1" hostname="LAPTOP-NQ28SJGQ" name="com.bookkeeper.testCases.RegisterTest" tests="14" failures="0" timestamp="2021-08-14T23:51:02 IST" time="90.167" errors="0">
  <testcase name="verifyPageTitle" time="5.038" classname="com.bookkeeper.testCases.RegisterTest"/>
  <system-out/>
  <testcase name="verifyErrorOnBlankName" time="7.852" classname="com.bookkeeper.testCases.RegisterTest"/>
  <system-out/>
  <testcase name="verifyErrorOnBlankSpaceInName" time="7.197" classname="com.bookkeeper.testCases.RegisterTest"/>
  <system-out/>
  <testcase name="verifyErrorOnlyNumricInName" time="7.260" classname="com.bookkeeper.testCases.RegisterTest"/>
  <system-out/>
  <testcase name="verifyErrorOnBlankEmail" time="6.982" classname="com.bookkeeper.testCases.RegisterTest"/>
  <system-out/>
  <testcase name="verifyErrorOnBlankSpaceInEmail" time="7.167" classname="com.bookkeeper.testCases.RegisterTest"/>
  <system-out/>
  <testcase name="verifyErrorOnLessThenFiveCharPwd" time="5.731" classname="com.bookkeeper.testCases.RegisterTest"/>
  <system-out/>
  <testcase name="verifyErrorOnBlankPassword" time="7.031" classname="com.bookkeeper.testCases.RegisterTest"/>
  <system-out/>
  <testcase name="verifyErrorOnNumricPassword" time="5.789" classname="com.bookkeeper.testCases.RegisterTest"/>
  <system-out/>
  <testcase name="verifyErrorOnOnlyAlphabeticCharPassword" time="8.316" classname="com.bookkeeper.testCases.RegisterTest"/>
  <system-out/>
  <testcase name="verifyErrorOnOnlySplCharPassword" time="7.349" classname="com.bookkeeper.testCases.RegisterTest"/>
  <system-out/>
  <testcase name="verifyErrorOnUnagreedTerms" time="7.266" classname="com.bookkeeper.testCases.RegisterTest"/>
  <system-out/>
  <testcase name="verifyErrorOnTestName" time="7.189" classname="com.bookkeeper.testCases.RegisterTest"/>
  <system-out/>
  <testcase name="verifyErrorOnInvalidEmail" classname="com.bookkeeper.testCases.RegisterTest">
    <skipped/>
  </testcase> <!-- verifyErrorOnInvalidEmail -->
  <system-out/>
</testsuite> <!-- com.bookkeeper.testCases.RegisterTest -->
