<?xml version="1.0" encoding="UTF-8"?>
<!-- Generated by org.testng.reporters.JUnitReportReporter -->
<testsuite skipped="0" hostname="LAPTOP-NQ28SJGQ" name="com.bookkeeper.testCases.CustomerDashboardTest" tests="3" failures="0" timestamp="2021-08-18T23:02:25 IST" time="19.108" errors="0">
  <testcase name="verifySideNavOptions" time="6.820" classname="com.bookkeeper.testCases.CustomerDashboardTest"/>
  <system-out/>
  <testcase name="verifyUserIsAbleToNavigateToInvoices" time="6.292" classname="com.bookkeeper.testCases.CustomerDashboardTest"/>
  <system-out/>
  <testcase name="verifyUserIsAbleToNavigateToPayments" time="5.996" classname="com.bookkeeper.testCases.CustomerDashboardTest"/>
  <system-out/>
</testsuite> <!-- com.bookkeeper.testCases.CustomerDashboardTest -->
