<?xml version="1.0" encoding="UTF-8"?>
<!-- Generated by org.testng.reporters.JUnitReportReporter -->
<testsuite skipped="0" hostname="LAPTOP-NQ28SJGQ" name="com.bookkeeper.testCases.HomepageTest" tests="3" failures="0" timestamp="2021-08-19T23:21:44 IST" time="15.443" errors="0">
  <testcase name="verifyPageTitle" time="5.078" classname="com.bookkeeper.testCases.HomepageTest"/>
  <system-out/>
  <testcase name="verifyDropdownOptionsDisplayed" time="5.292" classname="com.bookkeeper.testCases.HomepageTest"/>
  <system-out/>
  <testcase name="verifyAllDropdownOptionsDisplayed" time="5.073" classname="com.bookkeeper.testCases.HomepageTest"/>
  <system-out/>
</testsuite> <!-- com.bookkeeper.testCases.HomepageTest -->
